# JRE version: Java(TM) SE Runtime Environment (8.0_101-b13) (build 1.8.0_101-b13)
# Java VM: Java HotSpot(TM) 64-Bit Server VM (25.101-b13 mixed mode windows-amd64 compressed oops)
Heap:
 PSYoungGen      total 373248K, used 162550K [0x00000000d6500000, 0x00000000ee680000, 0x0000000100000000)
  eden space 358400K, 45% used [0x00000000d6500000,0x00000000e03bd968,0x00000000ec300000)
  from space 14848K, 0% used [0x00000000ed280000,0x00000000ed280000,0x00000000ee100000)
  to   space 15872K, 0% used [0x00000000ec300000,0x00000000ec300000,0x00000000ed280000)
 ParOldGen       total 120320K, used 34015K [0x0000000082e00000, 0x000000008a380000, 0x00000000d6500000)
  object space 120320K, 28% used [0x0000000082e00000,0x0000000084f37d60,0x000000008a380000)
 Metaspace       used 64942K, capacity 67326K, committed 67456K, reserved 1107968K
  class space    used 7565K, capacity 7974K, committed 8064K, reserved 1048576K
GC Heap History (10 events):
Event: 4.695 GC heap before
{Heap before GC invocations=11 (full 2):
 PSYoungGen      total 222720K, used 8734K [0x00000000d6500000, 0x00000000e9a00000, 0x0000000100000000)
  eden space 209920K, 0% used [0x00000000d6500000,0x00000000d6500000,0x00000000e3200000)
  from space 12800K, 68% used [0x00000000e3200000,0x00000000e3a87828,0x00000000e3e80000)
  to   space 12800K, 0% used [0x00000000e8d80000,0x00000000e8d80000,0x00000000e9a00000)
 ParOldGen       total 52736K, used 9341K [0x0000000082e00000, 0x0000000086180000, 0x00000000d6500000)
  object space 52736K, 17% used [0x0000000082e00000,0x000000008371f7f0,0x0000000086180000)
 Metaspace       used 34107K, capacity 35272K, committed 35416K, reserved 1081344K
  class space    used 4246K, capacity 4500K, committed 4608K, reserved 1048576K
Event: 4.754 GC heap after
Heap after GC invocations=11 (full 2):
 PSYoungGen      total 222720K, used 0K [0x00000000d6500000, 0x00000000e9a00000, 0x0000000100000000)
  eden space 209920K, 0% used [0x00000000d6500000,0x00000000d6500000,0x00000000e3200000)
  from space 12800K, 0% used [0x00000000e3200000,0x00000000e3200000,0x00000000e3e80000)
  to   space 12800K, 0% used [0x00000000e8d80000,0x00000000e8d80000,0x00000000e9a00000)
 ParOldGen       total 78336K, used 13947K [0x0000000082e00000, 0x0000000087a80000, 0x00000000d6500000)
  object space 78336K, 17% used [0x0000000082e00000,0x0000000083b9ed58,0x0000000087a80000)
 Metaspace       used 34107K, capacity 35272K, committed 35416K, reserved 1081344K
  class space    used 4246K, capacity 4500K, committed 4608K, reserved 1048576K
}
Event: 6.503 GC heap before
{Heap before GC invocations=12 (full 2):
 PSYoungGen      total 222720K, used 209920K [0x00000000d6500000, 0x00000000e9a00000, 0x0000000100000000)
  eden space 209920K, 100% used [0x00000000d6500000,0x00000000e3200000,0x00000000e3200000)
  from space 12800K, 0% used [0x00000000e3200000,0x00000000e3200000,0x00000000e3e80000)
  to   space 12800K, 0% used [0x00000000e8d80000,0x00000000e8d80000,0x00000000e9a00000)
 ParOldGen       total 78336K, used 13947K [0x0000000082e00000, 0x0000000087a80000, 0x00000000d6500000)
  object space 78336K, 17% used [0x0000000082e00000,0x0000000083b9ed58,0x0000000087a80000)
 Metaspace       used 39612K, capacity 41232K, committed 41344K, reserved 1085440K
  class space    used 4915K, capacity 5230K, committed 5248K, reserved 1048576K
Event: 6.522 GC heap after
Heap after GC invocations=12 (full 2):
 PSYoungGen      total 291840K, used 12791K [0x00000000d6500000, 0x00000000e9a00000, 0x0000000100000000)
  eden space 279040K, 0% used [0x00000000d6500000,0x00000000d6500000,0x00000000e7580000)
  from space 12800K, 99% used [0x00000000e8d80000,0x00000000e99fde68,0x00000000e9a00000)
  to   space 15360K, 0% used [0x00000000e7c00000,0x00000000e7c00000,0x00000000e8b00000)
 ParOldGen       total 78336K, used 16954K [0x0000000082e00000, 0x0000000087a80000, 0x00000000d6500000)
  object space 78336K, 21% used [0x0000000082e00000,0x0000000083e8e940,0x0000000087a80000)
 Metaspace       used 39612K, capacity 41232K, committed 41344K, reserved 1085440K
  class space    used 4915K, capacity 5230K, committed 5248K, reserved 1048576K
}
Event: 26.110 GC heap before
{Heap before GC invocations=13 (full 2):
 PSYoungGen      total 291840K, used 291831K [0x00000000d6500000, 0x00000000e9a00000, 0x0000000100000000)
  eden space 279040K, 100% used [0x00000000d6500000,0x00000000e7580000,0x00000000e7580000)
  from space 12800K, 99% used [0x00000000e8d80000,0x00000000e99fde68,0x00000000e9a00000)
  to   space 15360K, 0% used [0x00000000e7c00000,0x00000000e7c00000,0x00000000e8b00000)
 ParOldGen       total 78336K, used 16954K [0x0000000082e00000, 0x0000000087a80000, 0x00000000d6500000)
  object space 78336K, 21% used [0x0000000082e00000,0x0000000083e8e940,0x0000000087a80000)
 Metaspace       used 48066K, capacity 49986K, committed 50048K, reserved 1093632K
  class space    used 5842K, capacity 6211K, committed 6272K, reserved 1048576K
Event: 26.133 GC heap after
Heap after GC invocations=13 (full 2):
 PSYoungGen      total 301056K, used 8958K [0x00000000d6500000, 0x00000000ee100000, 0x0000000100000000)
  eden space 285696K, 0% used [0x00000000d6500000,0x00000000d6500000,0x00000000e7c00000)
  from space 15360K, 58% used [0x00000000e7c00000,0x00000000e84bf9d8,0x00000000e8b00000)
  to   space 14848K, 0% used [0x00000000ed280000,0x00000000ed280000,0x00000000ee100000)
 ParOldGen       total 78336K, used 24213K [0x0000000082e00000, 0x0000000087a80000, 0x00000000d6500000)
  object space 78336K, 30% used [0x0000000082e00000,0x00000000845a57f8,0x0000000087a80000)
 Metaspace       used 48066K, capacity 49986K, committed 50048K, reserved 1093632K
  class space    used 5842K, capacity 6211K, committed 6272K, reserved 1048576K
}
Event: 28.704 GC heap before
{Heap before GC invocations=14 (full 2):
 PSYoungGen      total 301056K, used 268994K [0x00000000d6500000, 0x00000000ee100000, 0x0000000100000000)
  eden space 285696K, 91% used [0x00000000d6500000,0x00000000e62f10e0,0x00000000e7c00000)
  from space 15360K, 58% used [0x00000000e7c00000,0x00000000e84bf9d8,0x00000000e8b00000)
  to   space 14848K, 0% used [0x00000000ed280000,0x00000000ed280000,0x00000000ee100000)
 ParOldGen       total 78336K, used 24213K [0x0000000082e00000, 0x0000000087a80000, 0x00000000d6500000)
  object space 78336K, 30% used [0x0000000082e00000,0x00000000845a57f8,0x0000000087a80000)
 Metaspace       used 56746K, capacity 58910K, committed 59008K, reserved 1101824K
  class space    used 6802K, capacity 7215K, committed 7296K, reserved 1048576K
Event: 28.728 GC heap after
Heap after GC invocations=14 (full 2):
 PSYoungGen      total 373248K, used 12592K [0x00000000d6500000, 0x00000000ee680000, 0x0000000100000000)
  eden space 358400K, 0% used [0x00000000d6500000,0x00000000d6500000,0x00000000ec300000)
  from space 14848K, 84% used [0x00000000ed280000,0x00000000edecc368,0x00000000ee100000)
  to   space 15872K, 0% used [0x00000000ec300000,0x00000000ec300000,0x00000000ed280000)
 ParOldGen       total 78336K, used 28908K [0x0000000082e00000, 0x0000000087a80000, 0x00000000d6500000)
  object space 78336K, 36% used [0x0000000082e00000,0x0000000084a3b138,0x0000000087a80000)
 Metaspace       used 56746K, capacity 58910K, committed 59008K, reserved 1101824K
  class space    used 6802K, capacity 7215K, committed 7296K, reserved 1048576K
}
Event: 28.729 GC heap before
{Heap before GC invocations=15 (full 3):
 PSYoungGen      total 373248K, used 12592K [0x00000000d6500000, 0x00000000ee680000, 0x0000000100000000)
  eden space 358400K, 0% used [0x00000000d6500000,0x00000000d6500000,0x00000000ec300000)
  from space 14848K, 84% used [0x00000000ed280000,0x00000000edecc368,0x00000000ee100000)
  to   space 15872K, 0% used [0x00000000ec300000,0x00000000ec300000,0x00000000ed280000)
 ParOldGen       total 78336K, used 28908K [0x0000000082e00000, 0x0000000087a80000, 0x00000000d6500000)
  object space 78336K, 36% used [0x0000000082e00000,0x0000000084a3b138,0x0000000087a80000)
 Metaspace       used 56746K, capacity 58910K, committed 59008K, reserved 1101824K
  class space    used 6802K, capacity 7215K, committed 7296K, reserved 1048576K
Event: 28.883 GC heap after
Heap after GC invocations=15 (full 3):
 PSYoungGen      total 373248K, used 0K [0x00000000d6500000, 0x00000000ee680000, 0x0000000100000000)
  eden space 358400K, 0% used [0x00000000d6500000,0x00000000d6500000,0x00000000ec300000)
  from space 14848K, 0% used [0x00000000ed280000,0x00000000ed280000,0x00000000ee100000)
  to   space 15872K, 0% used [0x00000000ec300000,0x00000000ec300000,0x00000000ed280000)
 ParOldGen       total 120320K, used 34015K [0x0000000082e00000, 0x000000008a380000, 0x00000000d6500000)
  object space 120320K, 28% used [0x0000000082e00000,0x0000000084f37d60,0x000000008a380000)
 Metaspace       used 56746K, capacity 58910K, committed 59008K, reserved 1101824K
  class space    used 6802K, capacity 7215K, committed 7296K, reserved 1048576K
}

